{
  "stats": {
    "suites": 111,
    "tests": 169,
    "passes": 169,
    "pending": 0,
    "failures": 0,
    "start": "2018-09-13T09:40:03.889Z",
    "end": "2018-09-13T09:41:44.789Z",
    "duration": 100900,
    "testsRegistered": 169,
    "passPercent": 100,
    "pendingPercent": 0,
    "other": 0,
    "hasOther": false,
    "skipped": 0,
    "hasSkipped": false,
    "passPercentClass": "success",
    "pendingPercentClass": "danger"
  },
  "suites": {
    "uuid": "a7ad39f1-1668-45a7-ae1f-ca2fc46f7415",
    "title": "",
    "fullFile": "",
    "file": "",
    "beforeHooks": [],
    "afterHooks": [],
    "tests": [],
    "suites": [
      {
        "uuid": "b4669b98-c9d9-4a6d-9562-1f04a96336d2",
        "title": "Migration Workbench App Page",
        "fullFile": "",
        "file": "",
        "beforeHooks": [],
        "afterHooks": [],
        "tests": [
          {
            "title": "should have a title",
            "fullTitle": "Migration Workbench App Page should have a title",
            "duration": 31,
            "state": "passed",
            "speed": "fast",
            "pass": true,
            "fail": false,
            "pending": false,
            "code": "cy.title().should('contain', 'MwbV2Redux');",
            "err": {},
            "isRoot": false,
            "uuid": "55a15fb3-7431-4102-999a-241850d30f5a",
            "isHook": false,
            "skipped": false
          }
        ],
        "suites": [
          {
            "uuid": "46751ee3-a3dc-4a26-9e86-d7a945ec9379",
            "title": "Navigation",
            "fullFile": "",
            "file": "",
            "beforeHooks": [],
            "afterHooks": [],
            "tests": [
              {
                "title": "should have a navbar",
                "fullTitle": "Migration Workbench App Page Navigation should have a navbar",
                "duration": 16,
                "state": "passed",
                "speed": "fast",
                "pass": true,
                "fail": false,
                "pending": false,
                "code": "cy.get('.navbar').should('be.visible');",
                "err": {},
                "isRoot": false,
                "uuid": "b9a3aa0d-4304-4fa1-88df-e73db82d0249",
                "isHook": false,
                "skipped": false
              },
              {
                "title": "should have a navigation brand",
                "fullTitle": "Migration Workbench App Page Navigation should have a navigation brand",
                "duration": 12,
                "state": "passed",
                "speed": "fast",
                "pass": true,
                "fail": false,
                "pending": false,
                "code": "cy.get('.navbar-brand').should('be.visible');",
                "err": {},
                "isRoot": false,
                "uuid": "991c2884-a3d7-4dae-aff4-c6c91e9e506d",
                "isHook": false,
                "skipped": false
              },
              {
                "title": "should have navigation menu items",
                "fullTitle": "Migration Workbench App Page Navigation should have navigation menu items",
                "duration": 42,
                "state": "passed",
                "speed": "medium",
                "pass": true,
                "fail": false,
                "pending": false,
                "code": "var menuItems = ['Dashboard', 'Validations', 'Referential Integrity', 'Clinics', 'Team Tasks', 'Login'];\ncy.get('.navbar').get('li').then(function (values) {\n  var texts = [].concat(_toConsumableArray(values)).map(function (val) {\n    return val.textContent.trim();\n  });\n  expect(texts).to.deep.eq(menuItems);\n});",
                "err": {},
                "isRoot": false,
                "uuid": "31257283-9f75-427b-a676-a2ff3b314460",
                "isHook": false,
                "skipped": false
              }
            ],
            "suites": [],
            "passes": [
              "b9a3aa0d-4304-4fa1-88df-e73db82d0249",
              "991c2884-a3d7-4dae-aff4-c6c91e9e506d",
              "31257283-9f75-427b-a676-a2ff3b314460"
            ],
            "failures": [],
            "pending": [],
            "skipped": [],
            "duration": 70,
            "root": false,
            "rootEmpty": false,
            "_timeout": 2000
          }
        ],
        "passes": [
          "55a15fb3-7431-4102-999a-241850d30f5a"
        ],
        "failures": [],
        "pending": [],
        "skipped": [],
        "duration": 31,
        "root": false,
        "rootEmpty": false,
        "_timeout": 2000
      },
      {
        "uuid": "472527fc-37ed-49e3-8d3e-51eea24c6ce7",
        "title": "Dashboard Page",
        "fullFile": "",
        "file": "",
        "beforeHooks": [],
        "afterHooks": [],
        "tests": [],
        "suites": [
          {
            "uuid": "b7c63cb4-d266-4076-91f8-87ee5628691d",
            "title": "static features",
            "fullFile": "",
            "file": "",
            "beforeHooks": [],
            "afterHooks": [],
            "tests": [],
            "suites": [
              {
                "uuid": "491a77e6-c25c-4517-9679-f1add722d2dd",
                "title": "Dashboard",
                "fullFile": "",
                "file": "",
                "beforeHooks": [],
                "afterHooks": [],
                "tests": [
                  {
                    "title": "should display Dashboard title",
                    "fullTitle": "Dashboard Page static features Dashboard should display Dashboard title",
                    "duration": 35,
                    "state": "passed",
                    "speed": "fast",
                    "pass": true,
                    "fail": false,
                    "pending": false,
                    "code": "cy.get('.dashboard>h1').should('contain', 'Dashboard');",
                    "err": {},
                    "isRoot": false,
                    "uuid": "5d7b2977-4dbe-44ce-860a-5266d2e0c95b",
                    "isHook": false,
                    "skipped": false
                  },
                  {
                    "title": "should display sub title",
                    "fullTitle": "Dashboard Page static features Dashboard should display sub title",
                    "duration": 8,
                    "state": "passed",
                    "speed": "fast",
                    "pass": true,
                    "fail": false,
                    "pending": false,
                    "code": "cy.get('.dashboard>span').should('contain', 'Summary of');",
                    "err": {},
                    "isRoot": false,
                    "uuid": "e4b7e5c7-ca2a-441a-9494-22ae9bb89cf5",
                    "isHook": false,
                    "skipped": false
                  },
                  {
                    "title": "should display a horizontal rule",
                    "fullTitle": "Dashboard Page static features Dashboard should display a horizontal rule",
                    "duration": 7,
                    "state": "passed",
                    "speed": "fast",
                    "pass": true,
                    "fail": false,
                    "pending": false,
                    "code": "cy.get('.dashboard>hr');",
                    "err": {},
                    "isRoot": false,
                    "uuid": "be30b5aa-9948-4771-a9f9-29f120d343f2",
                    "isHook": false,
                    "skipped": false
                  },
                  {
                    "title": "should have a list of thumbnails",
                    "fullTitle": "Dashboard Page static features Dashboard should have a list of thumbnails",
                    "duration": 30,
                    "state": "passed",
                    "speed": "fast",
                    "pass": true,
                    "fail": false,
                    "pending": false,
                    "code": "cy.get('.thumbnail').should('have.length', 5);",
                    "err": {},
                    "isRoot": false,
                    "uuid": "6c01da49-6797-4dbd-9148-748930035ebb",
                    "isHook": false,
                    "skipped": false
                  }
                ],
                "suites": [],
                "passes": [
                  "5d7b2977-4dbe-44ce-860a-5266d2e0c95b",
                  "e4b7e5c7-ca2a-441a-9494-22ae9bb89cf5",
                  "be30b5aa-9948-4771-a9f9-29f120d343f2",
                  "6c01da49-6797-4dbd-9148-748930035ebb"
                ],
                "failures": [],
                "pending": [],
                "skipped": [],
                "duration": 80,
                "root": false,
                "rootEmpty": false,
                "_timeout": 2000
              },
              {
                "uuid": "47036abb-a51a-4dff-9dfd-3b56c1c2b8c2",
                "title": "thumbnails",
                "fullFile": "",
                "file": "",
                "beforeHooks": [],
                "afterHooks": [],
                "tests": [
                  {
                    "title": "should have titles",
                    "fullTitle": "Dashboard Page static features thumbnails should have titles",
                    "duration": 39,
                    "state": "passed",
                    "speed": "medium",
                    "pass": true,
                    "fail": false,
                    "pending": false,
                    "code": "cy.get('.thumbnail .title').then(function (els) {\n  var texts = [].concat(_toConsumableArray(els)).map(getText);\n  expect(texts).to.deep.eq(expected.map(function (x) {\n    return x.title;\n  }));\n});",
                    "err": {},
                    "isRoot": false,
                    "uuid": "5575b47d-d283-441a-8060-467a81c3fbe3",
                    "isHook": false,
                    "skipped": false
                  },
                  {
                    "title": "should have icons",
                    "fullTitle": "Dashboard Page static features thumbnails should have icons",
                    "duration": 21,
                    "state": "passed",
                    "speed": "fast",
                    "pass": true,
                    "fail": false,
                    "pending": false,
                    "code": "cy.get('.thumbnail .measure-icon').then(function (els) {\n  var icons = [].concat(_toConsumableArray(els)).map(getIcon);\n  expect(icons).to.deep.eq(expected.map(function (x) {\n    return x.icon;\n  }));\n});",
                    "err": {},
                    "isRoot": false,
                    "uuid": "5b143669-9563-4f3d-a0d7-430e2f57db9a",
                    "isHook": false,
                    "skipped": false
                  },
                  {
                    "title": "should have sparklines",
                    "fullTitle": "Dashboard Page static features thumbnails should have sparklines",
                    "duration": 28,
                    "state": "passed",
                    "speed": "fast",
                    "pass": true,
                    "fail": false,
                    "pending": false,
                    "code": "cy.get('.thumbnail sparkline').should('have.length', 5);",
                    "err": {},
                    "isRoot": false,
                    "uuid": "a795ae56-e82a-425a-a5ec-44b8d008cc26",
                    "isHook": false,
                    "skipped": false
                  },
                  {
                    "title": "should have badges",
                    "fullTitle": "Dashboard Page static features thumbnails should have badges",
                    "duration": 36,
                    "state": "passed",
                    "speed": "fast",
                    "pass": true,
                    "fail": false,
                    "pending": false,
                    "code": "cy.get('.thumbnail .badge').should('have.length', 5);",
                    "err": {},
                    "isRoot": false,
                    "uuid": "ed04e23d-1166-4ef8-9e7a-c244c4fdbd5c",
                    "isHook": false,
                    "skipped": false
                  }
                ],
                "suites": [
                  {
                    "uuid": "5e70e819-473b-4d1c-acdd-b6202c3b659d",
                    "title": "sparklines",
                    "fullFile": "",
                    "file": "",
                    "beforeHooks": [],
                    "afterHooks": [],
                    "tests": [
                      {
                        "title": "should have polyline",
                        "fullTitle": "Dashboard Page static features thumbnails sparklines should have polyline",
                        "duration": 35,
                        "state": "passed",
                        "speed": "fast",
                        "pass": true,
                        "fail": false,
                        "pending": false,
                        "code": "cy.get('.thumbnail sparkline svg polyline').should('have.length', 5);",
                        "err": {},
                        "isRoot": false,
                        "uuid": "e2ba659c-ef74-439a-80f2-b0de1574d2a0",
                        "isHook": false,
                        "skipped": false
                      },
                      {
                        "title": "should have points",
                        "fullTitle": "Dashboard Page static features thumbnails sparklines should have points",
                        "duration": 22,
                        "state": "passed",
                        "speed": "fast",
                        "pass": true,
                        "fail": false,
                        "pending": false,
                        "code": "cy.get('.thumbnail sparkline svg polyline').then(function (polylines) {\n  var points = [].concat(_toConsumableArray(polylines)).map(function (p) {\n    return p.points;\n  });\n  expect(points.map(function (p) {\n    return p.length;\n  })).to.deep.eq([9, 3, 6, 7, 0]);\n});",
                        "err": {},
                        "isRoot": false,
                        "uuid": "614b6e64-e9ac-4e11-b799-c03bc869be49",
                        "isHook": false,
                        "skipped": false
                      },
                      {
                        "title": "should have polyline points with x-scale 0 to 100",
                        "fullTitle": "Dashboard Page static features thumbnails sparklines should have polyline points with x-scale 0 to 100",
                        "duration": 40,
                        "state": "passed",
                        "speed": "medium",
                        "pass": true,
                        "fail": false,
                        "pending": false,
                        "code": "cy.get('.thumbnail svg polyline').then(function (polylines) {\n  [].concat(_toConsumableArray(polylines)).forEach(function (polyline, index) {\n    if (polyline.points.length) {\n      expect(polyline.points[0].x).to.eq(0);\n      expect(polyline.points[polyline.points.length - 1].x).to.eq(100);\n    }\n  });\n});",
                        "err": {},
                        "isRoot": false,
                        "uuid": "f68cd04e-b67e-4373-b5d6-9a951b6653b3",
                        "isHook": false,
                        "skipped": false
                      }
                    ],
                    "suites": [],
                    "passes": [
                      "e2ba659c-ef74-439a-80f2-b0de1574d2a0",
                      "614b6e64-e9ac-4e11-b799-c03bc869be49",
                      "f68cd04e-b67e-4373-b5d6-9a951b6653b3"
                    ],
                    "failures": [],
                    "pending": [],
                    "skipped": [],
                    "duration": 97,
                    "root": false,
                    "rootEmpty": false,
                    "_timeout": 2000
                  },
                  {
                    "uuid": "e21aafe6-0ffc-419d-9603-877904f77b00",
                    "title": "badges",
                    "fullFile": "",
                    "file": "",
                    "beforeHooks": [],
                    "afterHooks": [],
                    "tests": [
                      {
                        "title": "should have badge value",
                        "fullTitle": "Dashboard Page static features thumbnails badges should have badge value",
                        "duration": 21,
                        "state": "passed",
                        "speed": "fast",
                        "pass": true,
                        "fail": false,
                        "pending": false,
                        "code": "cy.get('.thumbnail .badge').then(function (els) {\n  var badges = [].concat(_toConsumableArray(els)).map(getText);\n  expect(badges).to.deep.eq(expected.map(function (x) {\n    return x.badgeValue;\n  }));\n});",
                        "err": {},
                        "isRoot": false,
                        "uuid": "83cc9ced-4dc5-4bd2-8c79-ad1b922b1cfa",
                        "isHook": false,
                        "skipped": false
                      },
                      {
                        "title": "should have badge color css values",
                        "fullTitle": "Dashboard Page static features thumbnails badges should have badge color css values",
                        "duration": 16,
                        "state": "passed",
                        "speed": "fast",
                        "pass": true,
                        "fail": false,
                        "pending": false,
                        "code": "cy.get('.thumbnail .badge').then(function (els) {\n  var colors = [].concat(_toConsumableArray(els)).map(_color.getColorClass);\n  expect(colors).to.deep.eq(expected.map(function (x) {\n    return x.color;\n  }));\n});",
                        "err": {},
                        "isRoot": false,
                        "uuid": "f761e4a0-8662-43c3-9f02-bf6334f0b9f4",
                        "isHook": false,
                        "skipped": false
                      },
                      {
                        "title": "should have badge color rgba values",
                        "fullTitle": "Dashboard Page static features thumbnails badges should have badge color rgba values",
                        "duration": 17,
                        "state": "passed",
                        "speed": "fast",
                        "pass": true,
                        "fail": false,
                        "pending": false,
                        "code": "cy.get('.thumbnail .badge').then(function (els) {\n  var colors = [].concat(_toConsumableArray(els)).map(_color.getColor_rgba);\n  expect(colors).to.deep.eq(expected.map(function (x) {\n    return x.color;\n  }));\n});",
                        "err": {},
                        "isRoot": false,
                        "uuid": "24fe2074-9600-4355-bfde-4e19635b36ed",
                        "isHook": false,
                        "skipped": false
                      }
                    ],
                    "suites": [],
                    "passes": [
                      "83cc9ced-4dc5-4bd2-8c79-ad1b922b1cfa",
                      "f761e4a0-8662-43c3-9f02-bf6334f0b9f4",
                      "24fe2074-9600-4355-bfde-4e19635b36ed"
                    ],
                    "failures": [],
                    "pending": [],
                    "skipped": [],
                    "duration": 54,
                    "root": false,
                    "rootEmpty": false,
                    "_timeout": 2000
                  },
                  {
                    "uuid": "d4163fa6-b368-4639-abbd-2fa934005674",
                    "title": "narrative dropdown",
                    "fullFile": "",
                    "file": "",
                    "beforeHooks": [],
                    "afterHooks": [],
                    "tests": [
                      {
                        "title": "should have dropdown icons",
                        "fullTitle": "Dashboard Page static features thumbnails narrative dropdown should have dropdown icons",
                        "duration": 28,
                        "state": "passed",
                        "speed": "fast",
                        "pass": true,
                        "fail": false,
                        "pending": false,
                        "code": "cy.get('.thumbnail .narrative-icon').should('have.length', 4);",
                        "err": {},
                        "isRoot": false,
                        "uuid": "9bb4ce3d-460f-4090-baf4-9026bdb15715",
                        "isHook": false,
                        "skipped": false
                      },
                      {
                        "title": "should display the open icon",
                        "fullTitle": "Dashboard Page static features thumbnails narrative dropdown should display the open icon",
                        "duration": 14,
                        "state": "passed",
                        "speed": "fast",
                        "pass": true,
                        "fail": false,
                        "pending": false,
                        "code": "cy.get('.thumbnail .narrative-icon').then(function (els) {\n  var icons = [].concat(_toConsumableArray(els)).map(getIcon);\n  expect(icons).to.deep.eq(Array(4).fill('fa-chevron-down'));\n});",
                        "err": {},
                        "isRoot": false,
                        "uuid": "21fa60f1-a36d-48bc-8992-80046c748dbf",
                        "isHook": false,
                        "skipped": false
                      },
                      {
                        "title": "should not initially display the narrative text",
                        "fullTitle": "Dashboard Page static features thumbnails narrative dropdown should not initially display the narrative text",
                        "duration": 25,
                        "state": "passed",
                        "speed": "fast",
                        "pass": true,
                        "fail": false,
                        "pending": false,
                        "code": "cy.get('.thumbnail .narrative-text').each(function (el, i) {\n  cy.wrap(el).should('not.be.visible');\n});",
                        "err": {},
                        "isRoot": false,
                        "uuid": "1e346b36-cb50-41bc-8c97-2eebda349819",
                        "isHook": false,
                        "skipped": false
                      }
                    ],
                    "suites": [],
                    "passes": [
                      "9bb4ce3d-460f-4090-baf4-9026bdb15715",
                      "21fa60f1-a36d-48bc-8992-80046c748dbf",
                      "1e346b36-cb50-41bc-8c97-2eebda349819"
                    ],
                    "failures": [],
                    "pending": [],
                    "skipped": [],
                    "duration": 67,
                    "root": false,
                    "rootEmpty": false,
                    "_timeout": 2000
                  }
                ],
                "passes": [
                  "5575b47d-d283-441a-8060-467a81c3fbe3",
                  "5b143669-9563-4f3d-a0d7-430e2f57db9a",
                  "a795ae56-e82a-425a-a5ec-44b8d008cc26",
                  "ed04e23d-1166-4ef8-9e7a-c244c4fdbd5c"
                ],
                "failures": [],
                "pending": [],
                "skipped": [],
                "duration": 124,
                "root": false,
                "rootEmpty": false,
                "_timeout": 2000
              }
            ],
            "passes": [],
            "failures": [],
            "pending": [],
            "skipped": [],
            "duration": 0,
            "root": false,
            "rootEmpty": false,
            "_timeout": 2000
          },
          {
            "uuid": "b32a72b1-8588-43d9-bc73-bf3433f4673c",
            "title": "layout",
            "fullFile": "",
            "file": "",
            "beforeHooks": [],
            "afterHooks": [],
            "tests": [],
            "suites": [
              {
                "uuid": "027c033f-b6f6-4bec-ac63-a6598d9f5dbb",
                "title": "Dashboard page content",
                "fullFile": "",
                "file": "",
                "beforeHooks": [],
                "afterHooks": [],
                "tests": [
                  {
                    "title": "should be in correct order",
                    "fullTitle": "Dashboard Page layout Dashboard page content should be in correct order",
                    "duration": 34,
                    "state": "passed",
                    "speed": "fast",
                    "pass": true,
                    "fail": false,
                    "pending": false,
                    "code": "cy.get('.dashboard').selectorsAreOrdered(selectors);",
                    "err": {},
                    "isRoot": false,
                    "uuid": "028e5545-b81e-44a3-8cef-6bde3c441913",
                    "isHook": false,
                    "skipped": false
                  }
                ],
                "suites": [],
                "passes": [
                  "028e5545-b81e-44a3-8cef-6bde3c441913"
                ],
                "failures": [],
                "pending": [],
                "skipped": [],
                "duration": 34,
                "root": false,
                "rootEmpty": false,
                "_timeout": 2000
              },
              {
                "uuid": "d9590215-f9d2-4469-9178-064dc7acf81a",
                "title": "Thumbnail content",
                "fullFile": "",
                "file": "",
                "beforeHooks": [],
                "afterHooks": [],
                "tests": [
                  {
                    "title": "should display thumbnail contents in order",
                    "fullTitle": "Dashboard Page layout Thumbnail content should display thumbnail contents in order",
                    "duration": 104,
                    "state": "passed",
                    "speed": "slow",
                    "pass": true,
                    "fail": false,
                    "pending": false,
                    "code": "cy.get('.thumbnail').each(function (el) {\n  cy.wrap(el).selectorsAreOrdered(selectors);\n});",
                    "err": {},
                    "isRoot": false,
                    "uuid": "9999a31d-fdcf-49ae-8f37-70057587177e",
                    "isHook": false,
                    "skipped": false
                  },
                  {
                    "title": "should vertically align to center the thumbnail contents",
                    "fullTitle": "Dashboard Page layout Thumbnail content should vertically align to center the thumbnail contents",
                    "duration": 94,
                    "state": "passed",
                    "speed": "slow",
                    "pass": true,
                    "fail": false,
                    "pending": false,
                    "code": "cy.get('.thumbnail').each(function (el) {\n  cy.wrap(el).find(selectors.join(', ')).then(function (children) {\n    var sortedSelectors = [].concat(_toConsumableArray(children)).map(function (el) {\n      return (0, _layout.getSelector)(el, selectors);\n    });\n    var vcs = [].concat(_toConsumableArray(children)).map(function (child) {\n      return (0, _layout.elementVerticalCenter)(child);\n    });\n    expect((0, _layout.areAligned)(vcs)).to.be.true;\n  });\n});",
                    "err": {},
                    "isRoot": false,
                    "uuid": "d75fe947-fe6d-4b0d-8473-2fb9fc93a743",
                    "isHook": false,
                    "skipped": false
                  },
                  {
                    "title": "should left and right justify thumbnail contents",
                    "fullTitle": "Dashboard Page layout Thumbnail content should left and right justify thumbnail contents",
                    "duration": 75,
                    "state": "passed",
                    "speed": "medium",
                    "pass": true,
                    "fail": false,
                    "pending": false,
                    "code": "cy.get('.thumbnail').each(function (el) {\n  cy.wrap(el).find(selectors.join(', ')).then(function (children) {\n    var lrbounds = [].concat(_toConsumableArray(children)).map(function (child) {\n      return { left: child.offsetLeft, right: child.offsetLeft + child.offsetWidth };\n    });\n    var gaps = lrbounds.map(function (bounds, i) {\n      return i === 0 ? bounds.left : Math.floor(bounds.left - lrbounds[i - 1].right);\n    });\n    expect(gaps.every(function (gap) {\n      return gap < 50;\n    })).to.be.true;\n    var fillerWidth = [].concat(_toConsumableArray(children))[selectors.indexOf('.filler')].offsetWidth;\n    expect(fillerWidth).to.be.greaterThan(500);\n  });\n});",
                    "err": {},
                    "isRoot": false,
                    "uuid": "4d872bb0-19e8-44e2-85dd-541d12625592",
                    "isHook": false,
                    "skipped": false
                  }
                ],
                "suites": [],
                "passes": [
                  "9999a31d-fdcf-49ae-8f37-70057587177e",
                  "d75fe947-fe6d-4b0d-8473-2fb9fc93a743",
                  "4d872bb0-19e8-44e2-85dd-541d12625592"
                ],
                "failures": [],
                "pending": [],
                "skipped": [],
                "duration": 273,
                "root": false,
                "rootEmpty": false,
                "_timeout": 2000
              }
            ],
            "passes": [],
            "failures": [],
            "pending": [],
            "skipped": [],
            "duration": 0,
            "root": false,
            "rootEmpty": false,
            "_timeout": 2000
          },
          {
            "uuid": "e4f2d2b8-979e-4b92-9850-7f147e415e25",
            "title": "actions",
            "fullFile": "",
            "file": "",
            "beforeHooks": [],
            "afterHooks": [],
            "tests": [],
            "suites": [
              {
                "uuid": "e9a43844-4ea0-40ef-b98e-777f69fa9150",
                "title": "narrative dropdown",
                "fullFile": "",
                "file": "",
                "beforeHooks": [],
                "afterHooks": [],
                "tests": [],
                "suites": [
                  {
                    "uuid": "40773f27-0ebd-4d79-a3d5-66b4ac1e868d",
                    "title": "when narrative chevron down is clicked",
                    "fullFile": "",
                    "file": "",
                    "beforeHooks": [],
                    "afterHooks": [],
                    "tests": [
                      {
                        "title": "should display the narrative text",
                        "fullTitle": "Dashboard Page actions narrative dropdown when narrative chevron down is clicked should display the narrative text",
                        "duration": 1136,
                        "state": "passed",
                        "speed": "slow",
                        "pass": true,
                        "fail": false,
                        "pending": false,
                        "code": "cy.get('.thumbnail .narrative-button').each(function (button, i) {\n  checkNth('.thumbnail .narrative-text', i, 'not.be.visible');\n  cy.wrap(button).click();\n  checkNth('.thumbnail .narrative-text', i, 'be.visible');\n});",
                        "err": {},
                        "isRoot": false,
                        "uuid": "88f91581-5b7c-467b-b1be-de713f8e1736",
                        "isHook": false,
                        "skipped": false
                      },
                      {
                        "title": "should display the close icon",
                        "fullTitle": "Dashboard Page actions narrative dropdown when narrative chevron down is clicked should display the close icon",
                        "duration": 24,
                        "state": "passed",
                        "speed": "fast",
                        "pass": true,
                        "fail": false,
                        "pending": false,
                        "code": "cy.get('.thumbnail .narrative-icon').then(function (els) {\n  var icons = [].concat(_toConsumableArray(els)).map(getIcon);\n  expect(icons).to.deep.eq(Array(4).fill('fa-chevron-up'));\n});",
                        "err": {},
                        "isRoot": false,
                        "uuid": "9f327979-d021-417a-9586-14dc386d92b4",
                        "isHook": false,
                        "skipped": false
                      }
                    ],
                    "suites": [],
                    "passes": [
                      "88f91581-5b7c-467b-b1be-de713f8e1736",
                      "9f327979-d021-417a-9586-14dc386d92b4"
                    ],
                    "failures": [],
                    "pending": [],
                    "skipped": [],
                    "duration": 1160,
                    "root": false,
                    "rootEmpty": false,
                    "_timeout": 2000
                  },
                  {
                    "uuid": "a221edca-87ac-48fb-be2d-adeb41a79ba8",
                    "title": "when narrative chevron up is clicked",
                    "fullFile": "",
                    "file": "",
                    "beforeHooks": [],
                    "afterHooks": [],
                    "tests": [
                      {
                        "title": "should hide the narrative text",
                        "fullTitle": "Dashboard Page actions narrative dropdown when narrative chevron up is clicked should hide the narrative text",
                        "duration": 999,
                        "state": "passed",
                        "speed": "slow",
                        "pass": true,
                        "fail": false,
                        "pending": false,
                        "code": "cy.get('.thumbnail .narrative-button').each(function (button, i) {\n  checkNth('.thumbnail .narrative-text', i, 'be.visible');\n  cy.wrap(button).click();\n  checkNth('.thumbnail .narrative-text', i, 'not.be.visible');\n});",
                        "err": {},
                        "isRoot": false,
                        "uuid": "61b38407-ecfe-468d-8ae0-c1c30d18966d",
                        "isHook": false,
                        "skipped": false
                      },
                      {
                        "title": "should display the dropdown icon",
                        "fullTitle": "Dashboard Page actions narrative dropdown when narrative chevron up is clicked should display the dropdown icon",
                        "duration": 25,
                        "state": "passed",
                        "speed": "fast",
                        "pass": true,
                        "fail": false,
                        "pending": false,
                        "code": "cy.get('.thumbnail .narrative-icon').then(function (els) {\n  var icons = [].concat(_toConsumableArray(els)).map(getIcon);\n  expect(icons).to.deep.eq(Array(4).fill('fa-chevron-down'));\n});",
                        "err": {},
                        "isRoot": false,
                        "uuid": "bc1e379e-5d48-4575-a847-647c8abdbfac",
                        "isHook": false,
                        "skipped": false
                      }
                    ],
                    "suites": [],
                    "passes": [
                      "61b38407-ecfe-468d-8ae0-c1c30d18966d",
                      "bc1e379e-5d48-4575-a847-647c8abdbfac"
                    ],
                    "failures": [],
                    "pending": [],
                    "skipped": [],
                    "duration": 1024,
                    "root": false,
                    "rootEmpty": false,
                    "_timeout": 2000
                  }
                ],
                "passes": [],
                "failures": [],
                "pending": [],
                "skipped": [],
                "duration": 0,
                "root": false,
                "rootEmpty": false,
                "_timeout": 2000
              },
              {
                "uuid": "928dafb0-a7da-43ac-b3d0-39c0ec2bacf9",
                "title": "thumbnail navigation",
                "fullFile": "",
                "file": "",
                "beforeHooks": [],
                "afterHooks": [],
                "tests": [
                  {
                    "title": "should navigate to 'validations'",
                    "fullTitle": "Dashboard Page actions thumbnail navigation should navigate to 'validations'",
                    "duration": 420,
                    "state": "passed",
                    "speed": "slow",
                    "pass": true,
                    "fail": false,
                    "pending": false,
                    "code": "cy.get('.thumbnail a.measure').eq(index).click();\ncy.location().should(function (loc) {\n  expect(loc.href).to.eq(Cypress.config('baseUrl') + '/' + page);\n});\ncy.go('back');",
                    "err": {},
                    "isRoot": false,
                    "uuid": "5d627bec-9edb-4265-8296-b3a70709aac1",
                    "isHook": false,
                    "skipped": false
                  },
                  {
                    "title": "should navigate to 'referentials'",
                    "fullTitle": "Dashboard Page actions thumbnail navigation should navigate to 'referentials'",
                    "duration": 355,
                    "state": "passed",
                    "speed": "slow",
                    "pass": true,
                    "fail": false,
                    "pending": false,
                    "code": "cy.get('.thumbnail a.measure').eq(index).click();\ncy.location().should(function (loc) {\n  expect(loc.href).to.eq(Cypress.config('baseUrl') + '/' + page);\n});\ncy.go('back');",
                    "err": {},
                    "isRoot": false,
                    "uuid": "06daeb29-90f9-4a9c-98c0-545128b1f7bb",
                    "isHook": false,
                    "skipped": false
                  },
                  {
                    "title": "should navigate to 'clinics'",
                    "fullTitle": "Dashboard Page actions thumbnail navigation should navigate to 'clinics'",
                    "duration": 386,
                    "state": "passed",
                    "speed": "slow",
                    "pass": true,
                    "fail": false,
                    "pending": false,
                    "code": "cy.get('.thumbnail a.measure').eq(index).click();\ncy.location().should(function (loc) {\n  expect(loc.href).to.eq(Cypress.config('baseUrl') + '/' + page);\n});\ncy.go('back');",
                    "err": {},
                    "isRoot": false,
                    "uuid": "bd1ddeda-bf67-4feb-ac2e-535898a285bc",
                    "isHook": false,
                    "skipped": false
                  }
                ],
                "suites": [],
                "passes": [
                  "5d627bec-9edb-4265-8296-b3a70709aac1",
                  "06daeb29-90f9-4a9c-98c0-545128b1f7bb",
                  "bd1ddeda-bf67-4feb-ac2e-535898a285bc"
                ],
                "failures": [],
                "pending": [],
                "skipped": [],
                "duration": 1161,
                "root": false,
                "rootEmpty": false,
                "_timeout": 2000
              }
            ],
            "passes": [],
            "failures": [],
            "pending": [],
            "skipped": [],
            "duration": 0,
            "root": false,
            "rootEmpty": false,
            "_timeout": 2000
          }
        ],
        "passes": [],
        "failures": [],
        "pending": [],
        "skipped": [],
        "duration": 0,
        "root": false,
        "rootEmpty": false,
        "_timeout": 2000
      },
      {
        "uuid": "236062a4-675e-468d-a739-48da7d9bdbe2",
        "title": "Login Page",
        "fullFile": "",
        "file": "",
        "beforeHooks": [],
        "afterHooks": [],
        "tests": [],
        "suites": [
          {
            "uuid": "db377514-9efa-4ebe-b1ca-1487a01afffc",
            "title": "clicking login from the home page",
            "fullFile": "",
            "file": "",
            "beforeHooks": [],
            "afterHooks": [],
            "tests": [
              {
                "title": "should go to the login page",
                "fullTitle": "Login Page clicking login from the home page should go to the login page",
                "duration": 2240,
                "state": "passed",
                "speed": "slow",
                "pass": true,
                "fail": false,
                "pending": false,
                "code": "cy.visit('/');\ncy.get('a[href*=\"login\"]').contains('Login').click();\ncy.get('h1').contains('Login');",
                "err": {},
                "isRoot": false,
                "uuid": "c639a388-f6b8-4982-ba42-4b8e309f5f76",
                "isHook": false,
                "skipped": false
              }
            ],
            "suites": [],
            "passes": [
              "c639a388-f6b8-4982-ba42-4b8e309f5f76"
            ],
            "failures": [],
            "pending": [],
            "skipped": [],
            "duration": 2240,
            "root": false,
            "rootEmpty": false,
            "_timeout": 2000
          }
        ],
        "passes": [],
        "failures": [],
        "pending": [],
        "skipped": [],
        "duration": 0,
        "root": false,
        "rootEmpty": false,
        "_timeout": 2000
      },
      {
        "uuid": "3547c0a7-da64-46f5-bc91-fb001aa1e77e",
        "title": "Clinics Page",
        "fullFile": "",
        "file": "",
        "beforeHooks": [],
        "afterHooks": [],
        "tests": [],
        "suites": [
          {
            "uuid": "790449f8-a44c-4b77-aa69-db731c297287",
            "title": "static features",
            "fullFile": "",
            "file": "",
            "beforeHooks": [],
            "afterHooks": [],
            "tests": [],
            "suites": [
              {
                "uuid": "e6850c8e-f62f-4a3a-8eab-ea223169bc29",
                "title": "title area",
                "fullFile": "",
                "file": "",
                "beforeHooks": [],
                "afterHooks": [],
                "tests": [
                  {
                    "title": "should have a main title text",
                    "fullTitle": "Clinics Page static features title area should have a main title text",
                    "duration": 19,
                    "state": "passed",
                    "speed": "fast",
                    "pass": true,
                    "fail": false,
                    "pending": false,
                    "code": "cy.get('.pageTitle').should('contain', testParams.config.page.pageTitle);",
                    "err": {},
                    "isRoot": false,
                    "uuid": "376a256f-251c-4abe-96fd-990639683816",
                    "isHook": false,
                    "skipped": false
                  },
                  {
                    "title": "should have a sub title text",
                    "fullTitle": "Clinics Page static features title area should have a sub title text",
                    "duration": 8,
                    "state": "passed",
                    "speed": "fast",
                    "pass": true,
                    "fail": false,
                    "pending": false,
                    "code": "cy.get('.pageDescription').should('contain', testParams.config.page.pageDescription);",
                    "err": {},
                    "isRoot": false,
                    "uuid": "ade5223a-56cb-4304-9856-9a8ebb54f714",
                    "isHook": false,
                    "skipped": false
                  },
                  {
                    "title": "should have a search control",
                    "fullTitle": "Clinics Page static features title area should have a search control",
                    "duration": 12,
                    "state": "passed",
                    "speed": "fast",
                    "pass": true,
                    "fail": false,
                    "pending": false,
                    "code": "cy.get('mwb-search').should('be.visible');",
                    "err": {},
                    "isRoot": false,
                    "uuid": "b7100004-950d-4d0d-aeb2-26616b81b776",
                    "isHook": false,
                    "skipped": false
                  }
                ],
                "suites": [],
                "passes": [
                  "376a256f-251c-4abe-96fd-990639683816",
                  "ade5223a-56cb-4304-9856-9a8ebb54f714",
                  "b7100004-950d-4d0d-aeb2-26616b81b776"
                ],
                "failures": [],
                "pending": [],
                "skipped": [],
                "duration": 39,
                "root": false,
                "rootEmpty": false,
                "_timeout": 2000
              },
              {
                "uuid": "df694924-7326-4d32-8d69-8d95957e3d35",
                "title": "file list",
                "fullFile": "",
                "file": "",
                "beforeHooks": [],
                "afterHooks": [],
                "tests": [
                  {
                    "title": "should have title text",
                    "fullTitle": "Clinics Page static features file list should have title text",
                    "duration": 10,
                    "state": "passed",
                    "speed": "fast",
                    "pass": true,
                    "fail": false,
                    "pending": false,
                    "code": "cy.get('mwb-file-list h4.title').should('contain', testParams.config.page.listTitle);",
                    "err": {},
                    "isRoot": false,
                    "uuid": "783d057c-dbe6-4177-bcc6-18a2c190c478",
                    "isHook": false,
                    "skipped": false
                  },
                  {
                    "title": "should have a list of files",
                    "fullTitle": "Clinics Page static features file list should have a list of files",
                    "duration": 20,
                    "state": "passed",
                    "speed": "fast",
                    "pass": true,
                    "fail": false,
                    "pending": false,
                    "code": "cy.get('.file-list-item').should('have.length', testParams.countFilelist);",
                    "err": {},
                    "isRoot": false,
                    "uuid": "d6add609-1100-4e45-acf5-624a562b036e",
                    "isHook": false,
                    "skipped": false
                  }
                ],
                "suites": [],
                "passes": [
                  "783d057c-dbe6-4177-bcc6-18a2c190c478",
                  "d6add609-1100-4e45-acf5-624a562b036e"
                ],
                "failures": [],
                "pending": [],
                "skipped": [],
                "duration": 30,
                "root": false,
                "rootEmpty": false,
                "_timeout": 2000
              },
              {
                "uuid": "097b69e8-e6ee-479a-a96c-35b03786ee09",
                "title": "file list items",
                "fullFile": "",
                "file": "",
                "beforeHooks": [],
                "afterHooks": [],
                "tests": [
                  {
                    "title": "should have file title text",
                    "fullTitle": "Clinics Page static features file list items should have file title text",
                    "duration": 15,
                    "state": "passed",
                    "speed": "fast",
                    "pass": true,
                    "fail": false,
                    "pending": false,
                    "code": "cy.get('.file-list-item span.title').arrayContains(testParams.expected.map(function (ex) {\n  return ex.title;\n}));",
                    "err": {},
                    "isRoot": false,
                    "uuid": "148d9699-fca3-459a-9613-6b9c5b199927",
                    "isHook": false,
                    "skipped": false
                  },
                  {
                    "title": "should have file time text",
                    "fullTitle": "Clinics Page static features file list items should have file time text",
                    "duration": 13,
                    "state": "passed",
                    "speed": "fast",
                    "pass": true,
                    "fail": false,
                    "pending": false,
                    "code": "cy.get('.file-list-item span.effectiveTime').arrayContains(testParams.expected.map(function (ex) {\n  return ex.time;\n}));",
                    "err": {},
                    "isRoot": false,
                    "uuid": "272f0738-2a5c-4db2-8d12-2d63495574a0",
                    "isHook": false,
                    "skipped": false
                  },
                  {
                    "title": "should have metric badge",
                    "fullTitle": "Clinics Page static features file list items should have metric badge",
                    "duration": 21,
                    "state": "passed",
                    "speed": "fast",
                    "pass": true,
                    "fail": false,
                    "pending": false,
                    "code": "cy.get('.file-list-item error-badge span.badge').arrayContains(testParams.expected.map(function (ex) {\n  return ex.badgeValue;\n}));",
                    "err": {},
                    "isRoot": false,
                    "uuid": "f73e3293-49eb-4f97-b56f-cf2f53f34680",
                    "isHook": false,
                    "skipped": false
                  },
                  {
                    "title": "should have metric badge color css values",
                    "fullTitle": "Clinics Page static features file list items should have metric badge color css values",
                    "duration": 25,
                    "state": "passed",
                    "speed": "fast",
                    "pass": true,
                    "fail": false,
                    "pending": false,
                    "code": "cy.get('.file-list-item error-badge span.badge').then(function (els) {\n  var colors = [].concat(_toConsumableArray(els)).map(_color.getColorClass);\n  expect(colors).to.deep.eq(testParams.expected.map(function (ex) {\n    return ex.color;\n  }));\n});",
                    "err": {},
                    "isRoot": false,
                    "uuid": "5df074f2-049b-47bd-845a-f4bd9182ecb0",
                    "isHook": false,
                    "skipped": false
                  },
                  {
                    "title": "should have badge color rgba values",
                    "fullTitle": "Clinics Page static features file list items should have badge color rgba values",
                    "duration": 12,
                    "state": "passed",
                    "speed": "fast",
                    "pass": true,
                    "fail": false,
                    "pending": false,
                    "code": "cy.get('.file-list-item error-badge span.badge').then(function (els) {\n  var colors = [].concat(_toConsumableArray(els)).map(function (el) {\n    return (0, _color.getColor_rgba)(el, _color.colorMap);\n  });\n  expect(colors).to.deep.eq(testParams.expected.map(function (x) {\n    return x.color;\n  }));\n});",
                    "err": {},
                    "isRoot": false,
                    "uuid": "067780ad-3cc6-4fa7-b8f8-b7b620c7201c",
                    "isHook": false,
                    "skipped": false
                  }
                ],
                "suites": [],
                "passes": [
                  "148d9699-fca3-459a-9613-6b9c5b199927",
                  "272f0738-2a5c-4db2-8d12-2d63495574a0",
                  "f73e3293-49eb-4f97-b56f-cf2f53f34680",
                  "5df074f2-049b-47bd-845a-f4bd9182ecb0",
                  "067780ad-3cc6-4fa7-b8f8-b7b620c7201c"
                ],
                "failures": [],
                "pending": [],
                "skipped": [],
                "duration": 86,
                "root": false,
                "rootEmpty": false,
                "_timeout": 2000
              },
              {
                "uuid": "0373c7af-a120-4058-93d1-6ef842eedb75",
                "title": "file list limiter",
                "fullFile": "",
                "file": "",
                "beforeHooks": [],
                "afterHooks": [],
                "tests": [
                  {
                    "title": "should show a limited list of files",
                    "fullTitle": "Clinics Page static features file list limiter should show a limited list of files",
                    "duration": 18,
                    "state": "passed",
                    "speed": "fast",
                    "pass": true,
                    "fail": false,
                    "pending": false,
                    "code": "cy.get('.file-list-item').should('have.length', testParams.countFilelist);",
                    "err": {},
                    "isRoot": false,
                    "uuid": "3f1601b5-f103-4cae-85d1-db686fd605b4",
                    "isHook": false,
                    "skipped": false
                  },
                  {
                    "title": "should have a show-more icon to display more items",
                    "fullTitle": "Clinics Page static features file list limiter should have a show-more icon to display more items",
                    "duration": 12,
                    "state": "passed",
                    "speed": "fast",
                    "pass": true,
                    "fail": false,
                    "pending": false,
                    "code": "cy.get('span.moreChevron').should('be.visible');",
                    "err": {},
                    "isRoot": false,
                    "uuid": "37b405ba-bac5-47d5-abf1-2e28a5b5065f",
                    "isHook": false,
                    "skipped": false
                  },
                  {
                    "title": "the show-more icon should be enabled",
                    "fullTitle": "Clinics Page static features file list limiter the show-more icon should be enabled",
                    "duration": 11,
                    "state": "passed",
                    "speed": "fast",
                    "pass": true,
                    "fail": false,
                    "pending": false,
                    "code": "cy.get('span.moreChevron').should('not.be.disabled');",
                    "err": {},
                    "isRoot": false,
                    "uuid": "2bb887a9-69d0-4018-9888-153f66b17ba7",
                    "isHook": false,
                    "skipped": false
                  }
                ],
                "suites": [],
                "passes": [
                  "3f1601b5-f103-4cae-85d1-db686fd605b4",
                  "37b405ba-bac5-47d5-abf1-2e28a5b5065f",
                  "2bb887a9-69d0-4018-9888-153f66b17ba7"
                ],
                "failures": [],
                "pending": [],
                "skipped": [],
                "duration": 41,
                "root": false,
                "rootEmpty": false,
                "_timeout": 2000
              },
              {
                "uuid": "3c152447-ae69-4d18-9dd7-87baf0ba6732",
                "title": "file display",
                "fullFile": "",
                "file": "",
                "beforeHooks": [],
                "afterHooks": [],
                "tests": [],
                "suites": [
                  {
                    "uuid": "b3caad26-93db-4caf-a77d-975cb77be747",
                    "title": "header",
                    "fullFile": "",
                    "file": "",
                    "beforeHooks": [],
                    "afterHooks": [],
                    "tests": [
                      {
                        "title": "should have a title",
                        "fullTitle": "Clinics Page static features file display header should have a title",
                        "duration": 10,
                        "state": "passed",
                        "speed": "fast",
                        "pass": true,
                        "fail": false,
                        "pending": false,
                        "code": "cy.get('div.result .titleText').should('contain', testParams.fileInitiallyLoaded.title);",
                        "err": {},
                        "isRoot": false,
                        "uuid": "a8ba2d6a-d827-4a32-afbe-070e3ccf708f",
                        "isHook": false,
                        "skipped": false
                      },
                      {
                        "title": "should have metric badge",
                        "fullTitle": "Clinics Page static features file display header should have metric badge",
                        "duration": 10,
                        "state": "passed",
                        "speed": "fast",
                        "pass": true,
                        "fail": false,
                        "pending": false,
                        "code": "cy.get('div.result error-badge span.badge').should('contain', testParams.fileInitiallyLoaded.badgeText);",
                        "err": {},
                        "isRoot": false,
                        "uuid": "e3d3ec7d-b051-4317-a1d5-d8816fc9ace0",
                        "isHook": false,
                        "skipped": false
                      },
                      {
                        "title": "should have metric badge of color",
                        "fullTitle": "Clinics Page static features file display header should have metric badge of color",
                        "duration": 12,
                        "state": "passed",
                        "speed": "fast",
                        "pass": true,
                        "fail": false,
                        "pending": false,
                        "code": "cy.get('div.result error-badge span.badge').then(function (els) {\n  var color = (0, _color.getColor_rgba)(els[0], _color.colorMap);\n  expect(color).to.eq(testParams.fileInitiallyLoaded.badgeColor);\n});",
                        "err": {},
                        "isRoot": false,
                        "uuid": "87d8ca43-10e6-4325-8c13-b391f7b94692",
                        "isHook": false,
                        "skipped": false
                      }
                    ],
                    "suites": [],
                    "passes": [
                      "a8ba2d6a-d827-4a32-afbe-070e3ccf708f",
                      "e3d3ec7d-b051-4317-a1d5-d8816fc9ace0",
                      "87d8ca43-10e6-4325-8c13-b391f7b94692"
                    ],
                    "failures": [],
                    "pending": [],
                    "skipped": [],
                    "duration": 32,
                    "root": false,
                    "rootEmpty": false,
                    "_timeout": 2000
                  },
                  {
                    "uuid": "c078b053-0ef5-47a9-8dd5-d052d769fc85",
                    "title": "refresh button",
                    "fullFile": "",
                    "file": "",
                    "beforeHooks": [],
                    "afterHooks": [],
                    "tests": [
                      {
                        "title": "should have a refresh button",
                        "fullTitle": "Clinics Page static features file display refresh button should have a refresh button",
                        "duration": 3,
                        "state": "passed",
                        "speed": "fast",
                        "pass": true,
                        "fail": false,
                        "pending": false,
                        "code": "cy.get('div.result a.refresh-page-button');",
                        "err": {},
                        "isRoot": false,
                        "uuid": "efd4a578-0318-46d0-a7ba-a9fc960f72fb",
                        "isHook": false,
                        "skipped": false
                      },
                      {
                        "title": "should have last refreshed text",
                        "fullTitle": "Clinics Page static features file display refresh button should have last refreshed text",
                        "duration": 11,
                        "state": "passed",
                        "speed": "fast",
                        "pass": true,
                        "fail": false,
                        "pending": false,
                        "code": "cy.get('div.result .last-refresh-label').should('contain', 'Refreshed').should(function ($el) {\n  expect($el[0].innerText.length).to.be.greaterThan(9);\n});",
                        "err": {},
                        "isRoot": false,
                        "uuid": "2c557be2-3009-4bdb-869d-2dc3bae72c24",
                        "isHook": false,
                        "skipped": false
                      }
                    ],
                    "suites": [],
                    "passes": [
                      "efd4a578-0318-46d0-a7ba-a9fc960f72fb",
                      "2c557be2-3009-4bdb-869d-2dc3bae72c24"
                    ],
                    "failures": [],
                    "pending": [],
                    "skipped": [],
                    "duration": 14,
                    "root": false,
                    "rootEmpty": false,
                    "_timeout": 2000
                  },
                  {
                    "uuid": "7b3fbf82-2cef-434d-ab12-3966c26a24c9",
                    "title": "content",
                    "fullFile": "",
                    "file": "",
                    "beforeHooks": [],
                    "afterHooks": [],
                    "tests": [
                      {
                        "title": "should have content",
                        "fullTitle": "Clinics Page static features file display content should have content",
                        "duration": 3,
                        "state": "passed",
                        "speed": "fast",
                        "pass": true,
                        "fail": false,
                        "pending": false,
                        "code": "cy.get('#dataContainer');",
                        "err": {},
                        "isRoot": false,
                        "uuid": "944349b0-529c-4fde-b269-0eccd2a8a437",
                        "isHook": false,
                        "skipped": false
                      },
                      {
                        "title": "should zoom content to 85%;",
                        "fullTitle": "Clinics Page static features file display content should zoom content to 85%;",
                        "duration": 9,
                        "state": "passed",
                        "speed": "fast",
                        "pass": true,
                        "fail": false,
                        "pending": false,
                        "code": "cy.get('#dataContainer').should('have.attr', 'style', 'zoom: ' + testParams.fileInitiallyLoaded.zoom);",
                        "err": {},
                        "isRoot": false,
                        "uuid": "f3f8fabe-3d83-409a-b7c4-ad378f89e669",
                        "isHook": false,
                        "skipped": false
                      }
                    ],
                    "suites": [],
                    "passes": [
                      "944349b0-529c-4fde-b269-0eccd2a8a437",
                      "f3f8fabe-3d83-409a-b7c4-ad378f89e669"
                    ],
                    "failures": [],
                    "pending": [],
                    "skipped": [],
                    "duration": 12,
                    "root": false,
                    "rootEmpty": false,
                    "_timeout": 2000
                  }
                ],
                "passes": [],
                "failures": [],
                "pending": [],
                "skipped": [],
                "duration": 0,
                "root": false,
                "rootEmpty": false,
                "_timeout": 2000
              }
            ],
            "passes": [],
            "failures": [],
            "pending": [],
            "skipped": [],
            "duration": 0,
            "root": false,
            "rootEmpty": false,
            "_timeout": 2000
          },
          {
            "uuid": "601760ea-0cfd-46fa-922d-5f30db00adca",
            "title": "layout",
            "fullFile": "",
            "file": "",
            "beforeHooks": [],
            "afterHooks": [],
            "tests": [],
            "suites": [
              {
                "uuid": "1b80ae9d-8f41-4924-9c07-5951c87746e0",
                "title": "title area",
                "fullFile": "",
                "file": "",
                "beforeHooks": [],
                "afterHooks": [],
                "tests": [],
                "suites": [
                  {
                    "uuid": "1e555db5-75a7-4e61-850f-7d4301a258c6",
                    "title": "pageTitle",
                    "fullFile": "",
                    "file": "",
                    "beforeHooks": [],
                    "afterHooks": [],
                    "tests": [
                      {
                        "title": "should be left-justified",
                        "fullTitle": "Clinics Page layout title area pageTitle should be left-justified",
                        "duration": 10,
                        "state": "passed",
                        "speed": "fast",
                        "pass": true,
                        "fail": false,
                        "pending": false,
                        "code": "(0, _layout.isLeftJustified)({ subject: '.pageTitle', relativeTo: '.bannertitle' });",
                        "err": {},
                        "isRoot": false,
                        "uuid": "ab51aa08-8812-4348-8467-28a794b6f51f",
                        "isHook": false,
                        "skipped": false
                      }
                    ],
                    "suites": [],
                    "passes": [
                      "ab51aa08-8812-4348-8467-28a794b6f51f"
                    ],
                    "failures": [],
                    "pending": [],
                    "skipped": [],
                    "duration": 10,
                    "root": false,
                    "rootEmpty": false,
                    "_timeout": 2000
                  },
                  {
                    "uuid": "d2a28036-67f5-4818-983c-08c865cd1a9e",
                    "title": "pageDescription",
                    "fullFile": "",
                    "file": "",
                    "beforeHooks": [],
                    "afterHooks": [],
                    "tests": [
                      {
                        "title": "should be below title",
                        "fullTitle": "Clinics Page layout title area pageDescription should be below title",
                        "duration": 9,
                        "state": "passed",
                        "speed": "fast",
                        "pass": true,
                        "fail": false,
                        "pending": false,
                        "code": "var selectors = ['.pageTitle', '.pageDescription'];\ncy.get('body').selectorsAreOrdered(selectors);",
                        "err": {},
                        "isRoot": false,
                        "uuid": "45425811-6d8c-4449-aa5b-5e82a5ba05ca",
                        "isHook": false,
                        "skipped": false
                      },
                      {
                        "title": "should be left-justified",
                        "fullTitle": "Clinics Page layout title area pageDescription should be left-justified",
                        "duration": 9,
                        "state": "passed",
                        "speed": "fast",
                        "pass": true,
                        "fail": false,
                        "pending": false,
                        "code": "(0, _layout.isLeftJustified)({ subject: '.pageDescription', relativeTo: '.bannertitle' });",
                        "err": {},
                        "isRoot": false,
                        "uuid": "b13ca16d-2ace-47fc-aa60-dfaf600f03d2",
                        "isHook": false,
                        "skipped": false
                      }
                    ],
                    "suites": [],
                    "passes": [
                      "45425811-6d8c-4449-aa5b-5e82a5ba05ca",
                      "b13ca16d-2ace-47fc-aa60-dfaf600f03d2"
                    ],
                    "failures": [],
                    "pending": [],
                    "skipped": [],
                    "duration": 18,
                    "root": false,
                    "rootEmpty": false,
                    "_timeout": 2000
                  },
                  {
                    "uuid": "adbdf158-4eaf-4214-a5af-93703081d0e6",
                    "title": "search",
                    "fullFile": "",
                    "file": "",
                    "beforeHooks": [],
                    "afterHooks": [],
                    "tests": [
                      {
                        "title": "should be vertically center-aligned to the page title",
                        "fullTitle": "Clinics Page layout title area search should be vertically center-aligned to the page title",
                        "duration": 17,
                        "state": "passed",
                        "speed": "fast",
                        "pass": true,
                        "fail": false,
                        "pending": false,
                        "code": "(0, _layout.areVerticallyCenterAligned)({ subjects: ['.pageTitle', 'mwb-search'], within: '.bannertitle' });",
                        "err": {},
                        "isRoot": false,
                        "uuid": "b7c0afff-eb62-4bdc-818a-72e7ac5e0608",
                        "isHook": false,
                        "skipped": false
                      },
                      {
                        "title": "should be right-justified",
                        "fullTitle": "Clinics Page layout title area search should be right-justified",
                        "duration": 9,
                        "state": "passed",
                        "speed": "fast",
                        "pass": true,
                        "fail": false,
                        "pending": false,
                        "code": "(0, _layout.isRightJustified)({ subject: 'mwb-search', relativeTo: '.bannertitle' });",
                        "err": {},
                        "isRoot": false,
                        "uuid": "68f787ac-a748-4e7b-ad9f-8f1af25a3fea",
                        "isHook": false,
                        "skipped": false
                      }
                    ],
                    "suites": [],
                    "passes": [
                      "b7c0afff-eb62-4bdc-818a-72e7ac5e0608",
                      "68f787ac-a748-4e7b-ad9f-8f1af25a3fea"
                    ],
                    "failures": [],
                    "pending": [],
                    "skipped": [],
                    "duration": 26,
                    "root": false,
                    "rootEmpty": false,
                    "_timeout": 2000
                  }
                ],
                "passes": [],
                "failures": [],
                "pending": [],
                "skipped": [],
                "duration": 0,
                "root": false,
                "rootEmpty": false,
                "_timeout": 2000
              },
              {
                "uuid": "cb59ac3d-5966-40d3-aa97-292ad534c2ef",
                "title": "file list",
                "fullFile": "",
                "file": "",
                "beforeHooks": [],
                "afterHooks": [],
                "tests": [
                  {
                    "title": "should be left-justified",
                    "fullTitle": "Clinics Page layout file list should be left-justified",
                    "duration": 6,
                    "state": "passed",
                    "speed": "fast",
                    "pass": true,
                    "fail": false,
                    "pending": false,
                    "code": "(0, _layout.isLeftJustified)({ subject: 'mwb-file-list', relativeTo: '.filecontent' });",
                    "err": {},
                    "isRoot": false,
                    "uuid": "cac20045-43a0-401d-89af-c92c525cbee4",
                    "isHook": false,
                    "skipped": false
                  }
                ],
                "suites": [],
                "passes": [
                  "cac20045-43a0-401d-89af-c92c525cbee4"
                ],
                "failures": [],
                "pending": [],
                "skipped": [],
                "duration": 6,
                "root": false,
                "rootEmpty": false,
                "_timeout": 2000
              },
              {
                "uuid": "76643594-96d7-4dc9-92b1-73c249f4da73",
                "title": "result",
                "fullFile": "",
                "file": "",
                "beforeHooks": [],
                "afterHooks": [],
                "tests": [
                  {
                    "title": "should be right-justified",
                    "fullTitle": "Clinics Page layout result should be right-justified",
                    "duration": 8,
                    "state": "passed",
                    "speed": "fast",
                    "pass": true,
                    "fail": false,
                    "pending": false,
                    "code": "(0, _layout.isRightJustified)({ subject: '.result', relativeTo: '.filecontent' });",
                    "err": {},
                    "isRoot": false,
                    "uuid": "88caad57-ab51-4ec1-8840-202525efb10b",
                    "isHook": false,
                    "skipped": false
                  }
                ],
                "suites": [],
                "passes": [
                  "88caad57-ab51-4ec1-8840-202525efb10b"
                ],
                "failures": [],
                "pending": [],
                "skipped": [],
                "duration": 8,
                "root": false,
                "rootEmpty": false,
                "_timeout": 2000
              }
            ],
            "passes": [],
            "failures": [],
            "pending": [],
            "skipped": [],
            "duration": 0,
            "root": false,
            "rootEmpty": false,
            "_timeout": 2000
          },
          {
            "uuid": "2443e6c1-bbcb-469a-9058-02fce028ee96",
            "title": "actions",
            "fullFile": "",
            "file": "",
            "beforeHooks": [],
            "afterHooks": [],
            "tests": [],
            "suites": [
              {
                "uuid": "1be4987f-c08e-4d8f-8364-4742d2fe43a3",
                "title": "file list limiter",
                "fullFile": "",
                "file": "",
                "beforeHooks": [],
                "afterHooks": [],
                "tests": [],
                "suites": [
                  {
                    "uuid": "7d648476-ccd3-44ed-926d-9fd801f9d39c",
                    "title": "when show-more icon is clicked",
                    "fullFile": "",
                    "file": "",
                    "beforeHooks": [],
                    "afterHooks": [],
                    "tests": [
                      {
                        "title": "should display more items",
                        "fullTitle": "Clinics Page actions file list limiter when show-more icon is clicked should display more items",
                        "duration": 587,
                        "state": "passed",
                        "speed": "slow",
                        "pass": true,
                        "fail": false,
                        "pending": false,
                        "code": "cy.get('span.moreChevron').should('be.visible').click();\ncy.wait(300);\ncy.get('.file-list-item').should('have.length', testParams.countAfterMoreChevronClick);",
                        "err": {},
                        "isRoot": false,
                        "uuid": "591e8f92-4e6b-44b8-9455-bd9019fbfbdb",
                        "isHook": false,
                        "skipped": false
                      }
                    ],
                    "suites": [],
                    "passes": [
                      "591e8f92-4e6b-44b8-9455-bd9019fbfbdb"
                    ],
                    "failures": [],
                    "pending": [],
                    "skipped": [],
                    "duration": 587,
                    "root": false,
                    "rootEmpty": false,
                    "_timeout": 2000
                  },
                  {
                    "uuid": "112a8dd4-a294-4b1a-bd3a-f2483f5487c9",
                    "title": "when there are no more items to display",
                    "fullFile": "",
                    "file": "",
                    "beforeHooks": [],
                    "afterHooks": [],
                    "tests": [
                      {
                        "title": "should disable the show-more icon",
                        "fullTitle": "Clinics Page actions file list limiter when there are no more items to display should disable the show-more icon",
                        "duration": 336,
                        "state": "passed",
                        "speed": "slow",
                        "pass": true,
                        "fail": false,
                        "pending": false,
                        "code": "cy.get('span.moreChevron').should('not.be.disabled');\nvar i;\nfor (i = 0; i < testParams.timesToClickUntilAllDisplayed; i++) {\n  cy.get('span.moreChevron').should('be.visible').click();\n  cy.wait(100);\n}\ncy.get('span.moreChevron.disabled');",
                        "err": {},
                        "isRoot": false,
                        "uuid": "c045e08e-cb5d-43bd-992c-f24fde42760a",
                        "isHook": false,
                        "skipped": false
                      }
                    ],
                    "suites": [],
                    "passes": [
                      "c045e08e-cb5d-43bd-992c-f24fde42760a"
                    ],
                    "failures": [],
                    "pending": [],
                    "skipped": [],
[...]
                "skipped": [],
                "duration": 9,
                "root": false,
                "rootEmpty": false,
                "_timeout": 2000
              }
            ],
            "passes": [],
            "failures": [],
            "pending": [],
            "skipped": [],
            "duration": 0,
            "root": false,
            "rootEmpty": false,
            "_timeout": 2000
          }
        ],
        "passes": [],
        "failures": [],
        "pending": [],
        "skipped": [],
        "duration": 0,
        "root": false,
        "rootEmpty": false,
        "_timeout": 2000
      },
      {
        "uuid": "2acdcdae-c38c-4589-9e2e-0fb09c340bd9",
        "title": "Search",
        "fullFile": "",
        "file": "",
        "beforeHooks": [],
        "afterHooks": [],
        "tests": [],
        "suites": [
          {
            "uuid": "c99439b1-6901-49eb-bc58-e435c8984e1e",
            "title": "when search term is typed",
            "fullFile": "",
            "file": "",
            "beforeHooks": [],
            "afterHooks": [],
            "tests": [
              {
                "title": "should display the search indicator in the header",
                "fullTitle": "Search when search term is typed should display the search indicator in the header",
                "duration": 849,
                "state": "passed",
                "speed": "slow",
                "pass": true,
                "fail": false,
                "pending": false,
                "code": "cy.get('#searchTerm').type('diagnosis');\ncy.get('.search-indicator').should('be.visible');\ncy.get('.search-indicator').contains('2');",
                "err": {},
                "isRoot": false,
                "uuid": "98842e54-1b4d-48d8-846c-9c945f1508d1",
                "isHook": false,
                "skipped": false
              },
              {
                "title": "should mark the searchterm in content",
                "fullTitle": "Search when search term is typed should mark the searchterm in content",
                "duration": 263,
                "state": "passed",
                "speed": "slow",
                "pass": true,
                "fail": false,
                "pending": false,
                "code": "cy.get('#searchTerm').type('diagnosis');\ncy.get('mark.markSearch').should('have.length', 2);",
                "err": {},
                "isRoot": false,
                "uuid": "07bd39d0-98cd-4d65-bd55-c295a80f413a",
                "isHook": false,
                "skipped": false
              }
            ],
            "suites": [],
            "passes": [
              "98842e54-1b4d-48d8-846c-9c945f1508d1",
              "07bd39d0-98cd-4d65-bd55-c295a80f413a"
            ],
            "failures": [],
            "pending": [],
            "skipped": [],
            "duration": 1112,
            "root": false,
            "rootEmpty": false,
            "_timeout": 2000
          },
          {
            "uuid": "f2cebad3-7c8f-4732-9f81-223ad7a914e5",
            "title": "when search term is cleared",
            "fullFile": "",
            "file": "",
            "beforeHooks": [],
            "afterHooks": [],
            "tests": [
              {
                "title": "should hide the search indicator in the header",
                "fullTitle": "Search when search term is cleared should hide the search indicator in the header",
                "duration": 408,
                "state": "passed",
                "speed": "slow",
                "pass": true,
                "fail": false,
                "pending": false,
                "code": "cy.get('.reset').click();\ncy.wait(100);\ncy.get('.search-indicator').should('not.be.visible');",
                "err": {},
                "isRoot": false,
                "uuid": "eefed70b-408a-444a-83f2-78539eceaef8",
                "isHook": false,
                "skipped": false
              },
              {
                "title": "should unmark the searchterm in content",
                "fullTitle": "Search when search term is cleared should unmark the searchterm in content",
                "duration": 259,
                "state": "passed",
                "speed": "slow",
                "pass": true,
                "fail": false,
                "pending": false,
                "code": "cy.get('.reset').click();\ncy.get('mark.markSearch').should('have.length', 0);",
                "err": {},
                "isRoot": false,
                "uuid": "fadc7a9e-57c1-4646-afac-c25d37355b95",
                "isHook": false,
                "skipped": false
              }
            ],
            "suites": [],
            "passes": [
              "eefed70b-408a-444a-83f2-78539eceaef8",
              "fadc7a9e-57c1-4646-afac-c25d37355b95"
            ],
            "failures": [],
            "pending": [],
            "skipped": [],
            "duration": 667,
            "root": false,
            "rootEmpty": false,
            "_timeout": 2000
          },
          {
            "uuid": "687784d4-95dd-4458-a316-839aac4b411e",
            "title": "when search button is clicked",
            "fullFile": "",
            "file": "",
            "beforeHooks": [],
            "afterHooks": [],
            "tests": [
              {
                "title": "should display the results modal",
                "fullTitle": "Search when search button is clicked should display the results modal",
                "duration": 899,
                "state": "passed",
                "speed": "slow",
                "pass": true,
                "fail": false,
                "pending": false,
                "code": "cy.get('div.modal-container').should('be.visible');\ncy.get('a.list-group-item').should('have.length', 2);\ncy.get('button.close').click();\ncy.get('#searchTerm').clear();",
                "err": {},
                "isRoot": false,
                "uuid": "b3f7de3a-5e9a-4862-bb27-2aaa89b77269",
                "isHook": false,
                "skipped": false
              },
              {
                "title": "should display icons in the file list where match is found",
                "fullTitle": "Search when search button is clicked should display icons in the file list where match is found",
                "duration": 288,
                "state": "passed",
                "speed": "slow",
                "pass": true,
                "fail": false,
                "pending": false,
                "code": "cy.get('mwb-file-list li.file-list-item').should('have.length', 5);\ncy.get('button.close').click();\ncy.get('mwb-file-list search-indicator').should('have.length', 2);",
                "err": {},
                "isRoot": false,
                "uuid": "71732e66-968f-4ed6-b005-a3f1f0bc5f08",
                "isHook": false,
                "skipped": false
              }
            ],
            "suites": [],
            "passes": [
              "b3f7de3a-5e9a-4862-bb27-2aaa89b77269",
              "71732e66-968f-4ed6-b005-a3f1f0bc5f08"
            ],
            "failures": [],
            "pending": [],
            "skipped": [],
            "duration": 1187,
            "root": false,
            "rootEmpty": false,
            "_timeout": 2000
          }
        ],
        "passes": [],
        "failures": [],
        "pending": [],
        "skipped": [],
        "duration": 0,
        "root": false,
        "rootEmpty": false,
        "_timeout": 2000
      },
      {
        "uuid": "93b428b4-1aa9-4335-b95d-f87e30fcf889",
        "title": "Navigating to Tasks Page",
        "fullFile": "",
        "file": "",
        "beforeHooks": [],
        "afterHooks": [],
        "tests": [],
        "suites": [
          {
            "uuid": "02fd5b96-0046-4c2d-9574-780258564a4b",
            "title": "navigating to, when user is not logged in",
            "fullFile": "",
            "file": "",
            "beforeHooks": [],
            "afterHooks": [],
            "tests": [
              {
                "title": "should redirect to login page",
                "fullTitle": "Navigating to Tasks Page navigating to, when user is not logged in should redirect to login page",
                "duration": 2390,
                "state": "passed",
                "speed": "slow",
                "pass": true,
                "fail": false,
                "pending": false,
                "code": "cy.visit('/');\ncy.get('a[href*=\"login\"]').contains('Login').click();\ncy.get('h1').contains('Login');",
                "err": {},
                "isRoot": false,
                "uuid": "87b3e422-0b82-4278-8940-ebb9a69791d0",
                "isHook": false,
                "skipped": false
              }
            ],
            "suites": [],
            "passes": [
              "87b3e422-0b82-4278-8940-ebb9a69791d0"
            ],
            "failures": [],
            "pending": [],
            "skipped": [],
            "duration": 2390,
            "root": false,
            "rootEmpty": false,
            "_timeout": 2000
          },
          {
            "uuid": "5557f5ab-97d9-4d92-a476-7dd02a9019d3",
            "title": "navigating to, when user is logged in",
            "fullFile": "",
            "file": "",
            "beforeHooks": [],
            "afterHooks": [],
            "tests": [
              {
                "title": "should go to tasks page",
                "fullTitle": "Navigating to Tasks Page navigating to, when user is logged in should go to tasks page",
                "duration": 2808,
                "state": "passed",
                "speed": "slow",
                "pass": true,
                "fail": false,
                "pending": false,
                "code": "cy.visit('/login');\ncy.get('#userName').type('Smith');\ncy.get('button.btn.btn-primary').click();\ncy.get('a[href*=\"tasks\"]').contains('Team Tasks').click();\ncy.get('h1').contains('Tasks');",
                "err": {},
                "isRoot": false,
                "uuid": "082fac97-3141-4d7d-b049-bebdfd44d7fa",
                "isHook": false,
                "skipped": false
              }
            ],
            "suites": [],
            "passes": [
              "082fac97-3141-4d7d-b049-bebdfd44d7fa"
            ],
            "failures": [],
            "pending": [],
            "skipped": [],
            "duration": 2808,
            "root": false,
            "rootEmpty": false,
            "_timeout": 2000
          }
        ],
        "passes": [],
        "failures": [],
        "pending": [],
        "skipped": [],
        "duration": 0,
        "root": false,
        "rootEmpty": false,
        "_timeout": 2000
      },
      {
        "uuid": "6c1fdc5f-bd05-404b-8655-13f05ab7da33",
        "title": "Tasks Page",
        "fullFile": "",
        "file": "",
        "beforeHooks": [],
        "afterHooks": [],
        "tests": [
          {
            "title": "should have a title",
            "fullTitle": "Tasks Page should have a title",
            "duration": 19,
            "state": "passed",
            "speed": "fast",
            "pass": true,
            "fail": false,
            "pending": false,
            "code": "cy.get('mwb-tasks h1').contains('Tasks');",
            "err": {},
            "isRoot": false,
            "uuid": "3386e581-0c0f-414e-90db-96b4559291b7",
            "isHook": false,
            "skipped": false
          }
        ],
        "suites": [
          {
            "uuid": "fe92038f-0674-476d-9b34-84fad2101bfb",
            "title": "Kanban lists",
            "fullFile": "",
            "file": "",
            "beforeHooks": [],
            "afterHooks": [],
            "tests": [
              {
                "title": "should have four Kanban lists",
                "fullTitle": "Tasks Page Kanban lists should have four Kanban lists",
                "duration": 12,
                "state": "passed",
                "speed": "fast",
                "pass": true,
                "fail": false,
                "pending": false,
                "code": "cy.get('mwb-kanban-list').count(4);",
                "err": {},
                "isRoot": false,
                "uuid": "7518dc9b-121f-4776-9395-b5ea768fb27c",
                "isHook": false,
                "skipped": false
              },
              {
                "title": "should have titles",
                "fullTitle": "Tasks Page Kanban lists should have titles",
                "duration": 9,
                "state": "passed",
                "speed": "fast",
                "pass": true,
                "fail": false,
                "pending": false,
                "code": "cy.get('.list_title').arrayContains(['Unassigned', 'In Progress', 'Waiting', 'Done']);",
                "err": {},
                "isRoot": false,
                "uuid": "0114e6ab-43c5-4c52-b922-654844bcf1a6",
                "isHook": false,
                "skipped": false
              },
              {
                "title": "should have new card links",
                "fullTitle": "Tasks Page Kanban lists should have new card links",
                "duration": 17,
                "state": "passed",
                "speed": "fast",
                "pass": true,
                "fail": false,
                "pending": false,
                "code": "cy.get('.list__newcard').count(4);",
                "err": {},
                "isRoot": false,
                "uuid": "b50239ee-9d33-437f-a612-66ec72aebeda",
                "isHook": false,
                "skipped": false
              },
              {
                "title": "should have cards",
                "fullTitle": "Tasks Page Kanban lists should have cards",
                "duration": 10,
                "state": "passed",
                "speed": "fast",
                "pass": true,
                "fail": false,
                "pending": false,
                "code": "cy.get('mwb-kanban-card').count(11);\ncy.get('mwb-kanban-card').eq(0).arrayContains(['#1 - Validations']);\ncy.get('mwb-kanban-card').eq(1).arrayContains(['#2 - Validations [Jim]']);",
                "err": {},
                "isRoot": false,
                "uuid": "59cf8745-01c2-4746-acde-9e6ad402dff0",
                "isHook": false,
                "skipped": false
              },
              {
                "title": "should have one card on list #1",
                "fullTitle": "Tasks Page Kanban lists should have one card on list #1",
                "duration": 31,
                "state": "passed",
                "speed": "fast",
                "pass": true,
                "fail": false,
                "pending": false,
                "code": "cy.get('mwb-kanban-list').eq(0).within(function () {\n  cy.root().get('mwb-kanban-card').count(1).contains('#1 - Validations');\n});",
                "err": {},
                "isRoot": false,
                "uuid": "1d6be1a4-7541-4a4c-93a6-727a8a84cb9e",
                "isHook": false,
                "skipped": false
              },
              {
                "title": "should have three cards on list #2",
                "fullTitle": "Tasks Page Kanban lists should have three cards on list #2",
                "duration": 16,
                "state": "passed",
                "speed": "fast",
                "pass": true,
                "fail": false,
                "pending": false,
                "code": "cy.get('mwb-kanban-list').eq(1).within(function (els) {\n  cy.root().get('mwb-kanban-card').count(3).contains('#2 - Validations [Jim]');\n});",
                "err": {},
                "isRoot": false,
                "uuid": "6b2765cc-f749-449f-a972-5e2aec69adf1",
                "isHook": false,
                "skipped": false
              }
            ],
            "suites": [
              {
                "uuid": "7c3436b5-6b6b-4bff-8ac3-c7349ed99fb1",
                "title": "drag and drop",
                "fullFile": "",
                "file": "",
                "beforeHooks": [],
                "afterHooks": [],
                "tests": [
                  {
                    "title": "should drag and drop",
                    "fullTitle": "Tasks Page Kanban lists drag and drop should drag and drop",
                    "duration": 128,
                    "state": "passed",
                    "speed": "slow",
                    "pass": true,
                    "fail": false,
                    "pending": false,
                    "code": "// Draggable\ncy.get('mwb-kanban-list').eq(0).within(function (els) {\n  cy.root().get('p.card[draggable]').count(1).contains('#1 - Validations').as('draggable');\n});\ncy.get('@draggable').should('have.attr', 'draggable', 'true');\n// Droppable\ncy.get('mwb-kanban-list').eq(1).as('droppable');\n// cy.get('@droppable').then(els => { console.log('droppable',els) })\n/*\n  Drag and drop test.\n  ------------------\n  Ref: https://github.com/cypress-io/cypress/issues/845#issuecomment-353087850\n    The component uses native HTML5 Drag and Drop, Ref: https://www.w3schools.com/HTML/html5_draganddrop.asp\n  This utilizes an object with dataTransfer property to communicate between draggable and droppable components\n  so we need to mock this object.\n  Using this mock, just invoke the dragstart and drop events.\n    This is essentially doing the same thing as the 'html-dnd' library used in the Karma spec\n  Ref: https://github.com/Kuniwak/html-dnd/blob/b45d6e40e864a70094fa4a062e8b36ebb1d21536/src/html_dnd.ts\n  */\nvar dt = {\n  types: [],\n  setData: function setData(prop, val) {\n    this[prop] = val;\n  },\n  getData: function getData(prop) {\n    return this[prop];\n  }\n};\ncy.get('@draggable').trigger('dragstart', {\n  dataTransfer: dt\n});\ncy.get('@droppable').trigger('drop', {\n  dataTransfer: dt\n});\n// Check 2 cards on 2nd list\ncy.get('mwb-kanban-list').eq(1).within(function (els) {\n  cy.root().get('p.card[draggable]').count(4);\n});\n// Check no cards on first list\ncy.get('mwb-kanban-list').eq(0).within(function (els) {\n  cy.root().get('p.card[draggable]').should('not.exist');\n});",
                    "err": {},
                    "isRoot": false,
                    "uuid": "d7100d6d-7de3-4a68-bf5d-76d1c7b2f2a4",
                    "isHook": false,
                    "skipped": false
                  }
                ],
                "suites": [],
                "passes": [
                  "d7100d6d-7de3-4a68-bf5d-76d1c7b2f2a4"
                ],
                "failures": [],
                "pending": [],
                "skipped": [],
                "duration": 128,
                "root": false,
                "rootEmpty": false,
                "_timeout": 2000
              }
            ],
            "passes": [
              "7518dc9b-121f-4776-9395-b5ea768fb27c",
              "0114e6ab-43c5-4c52-b922-654844bcf1a6",
              "b50239ee-9d33-437f-a612-66ec72aebeda",
              "59cf8745-01c2-4746-acde-9e6ad402dff0",
              "1d6be1a4-7541-4a4c-93a6-727a8a84cb9e",
              "6b2765cc-f749-449f-a972-5e2aec69adf1"
            ],
            "failures": [],
            "pending": [],
            "skipped": [],
            "duration": 95,
            "root": false,
            "rootEmpty": false,
            "_timeout": 2000
          }
        ],
        "passes": [
          "3386e581-0c0f-414e-90db-96b4559291b7"
        ],
        "failures": [],
        "pending": [],
        "skipped": [],
        "duration": 19,
        "root": false,
        "rootEmpty": false,
        "_timeout": 2000
      }
    ],
    "passes": [],
    "failures": [],
    "pending": [],
    "skipped": [],
    "duration": 0,
    "root": true,
    "rootEmpty": true,
    "_timeout": 2000
  },
  "copyrightYear": 2018
}